<?xml version="1.0" encoding="UTF-8"?>
<testsuite name="is.ru.StringCalculator.calculatortest" tests="8" skipped="0" failures="0" errors="0" timestamp="2017-10-11T21:45:31" hostname="LAPTOP-AB78QN82" time="0.011">
  <properties/>
  <testcase name="testNegativesNumbers" classname="is.ru.StringCalculator.calculatortest" time="0.007"/>
  <testcase name="testValuesBiggerThenOneThousand" classname="is.ru.StringCalculator.calculatortest" time="0.0"/>
  <testcase name="testEmptyString" classname="is.ru.StringCalculator.calculatortest" time="0.001"/>
  <testcase name="testNewLineCharacter" classname="is.ru.StringCalculator.calculatortest" time="0.0"/>
  <testcase name="testThreeNumbers" classname="is.ru.StringCalculator.calculatortest" time="0.001"/>
  <testcase name="testTwoNumbers" classname="is.ru.StringCalculator.calculatortest" time="0.0"/>
  <testcase name="testMoreNegativesNumbers" classname="is.ru.StringCalculator.calculatortest" time="0.001"/>
  <testcase name="testOneNumber" classname="is.ru.StringCalculator.calculatortest" time="0.0"/>
  <system-out><![CDATA[]]></system-out>
  <system-err><![CDATA[]]></system-err>
</testsuite>
