<?xml version="1.0" encoding="UTF-8"?>
<testsuite name="is.ru.StringCalculator.calculatortest" tests="9" skipped="0" failures="0" errors="0" timestamp="2017-10-12T12:35:12" hostname="LAPTOP-AB78QN82" time="0.015">
  <properties/>
  <testcase name="testNegativesNumbers" classname="is.ru.StringCalculator.calculatortest" time="0.01"/>
  <testcase name="testUpgradedDelimiter" classname="is.ru.StringCalculator.calculatortest" time="0.0"/>
  <testcase name="testValuesBiggerThenOneThousand" classname="is.ru.StringCalculator.calculatortest" time="0.0"/>
  <testcase name="testEmptyString" classname="is.ru.StringCalculator.calculatortest" time="0.0"/>
  <testcase name="testNewLineCharacter" classname="is.ru.StringCalculator.calculatortest" time="0.001"/>
  <testcase name="testThreeNumbers" classname="is.ru.StringCalculator.calculatortest" time="0.0"/>
  <testcase name="testTwoNumbers" classname="is.ru.StringCalculator.calculatortest" time="0.001"/>
  <testcase name="testMoreNegativesNumbers" classname="is.ru.StringCalculator.calculatortest" time="0.0"/>
  <testcase name="testOneNumber" classname="is.ru.StringCalculator.calculatortest" time="0.001"/>
  <system-out><![CDATA[-1
2
1
2
1001
2
1
2
3
1
2
3
1
2
2
-4
3
-5
]]></system-out>
  <system-err><![CDATA[]]></system-err>
</testsuite>
