<?xml version="1.0" encoding="UTF-8"?>
<testsuite name="is.ru.StringCalculator.calculatortest" tests="3" skipped="0" failures="0" errors="0" timestamp="2017-10-11T17:58:05" hostname="LAPTOP-AB78QN82" time="0.013">
  <properties/>
  <testcase name="testEmptyString" classname="is.ru.StringCalculator.calculatortest" time="0.011"/>
  <testcase name="testTwoNumbers" classname="is.ru.StringCalculator.calculatortest" time="0.0"/>
  <testcase name="testOneNumber" classname="is.ru.StringCalculator.calculatortest" time="0.001"/>
  <system-out><![CDATA[]]></system-out>
  <system-err><![CDATA[]]></system-err>
</testsuite>
